<?xml version="1.0" encoding="UTF-8"?>
<testng-results skipped="0" failed="0" ignored="0" total="1" passed="1">
  <reporter-output>
  </reporter-output>
  <suite name="Suite" duration-ms="12167" started-at="2022-02-13T19:55:02 IST" finished-at="2022-02-13T19:55:14 IST">
    <groups>
    </groups>
    <test name="Test" duration-ms="12167" started-at="2022-02-13T19:55:02 IST" finished-at="2022-02-13T19:55:14 IST">
      <class name="Save.testRun">
        <test-method status="PASS" signature="startBrowser()[pri:0, instance:Save.testRun@23faf8f2]" name="startBrowser" duration-ms="12097" started-at="2022-02-13T19:55:02 IST" finished-at="2022-02-13T19:55:14 IST">
          <reporter-output>
          </reporter-output>
        </test-method> <!-- startBrowser -->
      </class> <!-- Save.testRun -->
    </test> <!-- Test -->
  </suite> <!-- Suite -->
</testng-results>
